# JRE version: Java(TM) SE Runtime Environment (16.0+36) (build 16+36-2231)
# Java VM: Java HotSpot(TM) 64-Bit Server VM (16+36-2231, mixed mode, sharing, tiered, compressed oops, g1 gc, windows-amd64)
GC Precious Log:
 CPUs: 6 total, 6 available
 Memory: 7541M
 Large Page Support: Disabled
 NUMA Support: Disabled
 Compressed Oops: Enabled (Zero based)
 Heap Region Size: 4M
 Heap Min Capacity: 8M
 Heap Initial Capacity: 120M
 Heap Max Capacity: 4608M
 Pre-touch: Disabled
 Parallel Workers: 6
 Concurrent Workers: 2
 Concurrent Refinement Workers: 6
 Periodic GC: Disabled
Heap:
 garbage-first heap   total 1163264K, used 555766K [0x00000006e0000000, 0x0000000800000000)
  region size 4096K, 2 young (8192K), 2 survivors (8192K)
 Metaspace       used 174062K, committed 175424K, reserved 1204224K
  class space    used 21664K, committed 22336K, reserved 1048576K
GC Heap History (20 events):
Event: 11126.996 GC heap after
{Heap after GC invocations=260 (full 1):
 garbage-first heap   total 983040K, used 362131K [0x00000006e0000000, 0x0000000800000000)
  region size 4096K, 2 young (8192K), 2 survivors (8192K)
 Metaspace       used 173474K, committed 174656K, reserved 1204224K
  class space    used 21572K, committed 22144K, reserved 1048576K
}
Event: 11132.037 GC heap before
{Heap before GC invocations=260 (full 1):
 garbage-first heap   total 983040K, used 403091K [0x00000006e0000000, 0x0000000800000000)
  region size 4096K, 12 young (49152K), 2 survivors (8192K)
 Metaspace       used 173851K, committed 175232K, reserved 1204224K
  class space    used 21645K, committed 22336K, reserved 1048576K
}
Event: 11132.104 GC heap after
{Heap after GC invocations=261 (full 1):
 garbage-first heap   total 983040K, used 351937K [0x00000006e0000000, 0x0000000800000000)
  region size 4096K, 2 young (8192K), 2 survivors (8192K)
 Metaspace       used 173851K, committed 175232K, reserved 1204224K
  class space    used 21645K, committed 22336K, reserved 1048576K
}
Event: 11138.086 GC heap before
{Heap before GC invocations=261 (full 1):
 garbage-first heap   total 983040K, used 388801K [0x00000006e0000000, 0x0000000800000000)
  region size 4096K, 12 young (49152K), 2 survivors (8192K)
 Metaspace       used 173886K, committed 175232K, reserved 1204224K
  class space    used 21647K, committed 22336K, reserved 1048576K
}
Event: 11138.121 GC heap after
{Heap after GC invocations=262 (full 1):
 garbage-first heap   total 983040K, used 356361K [0x00000006e0000000, 0x0000000800000000)
  region size 4096K, 2 young (8192K), 2 survivors (8192K)
 Metaspace       used 173886K, committed 175232K, reserved 1204224K
  class space    used 21647K, committed 22336K, reserved 1048576K
}
Event: 11156.362 GC heap before
{Heap before GC invocations=263 (full 1):
 garbage-first heap   total 983040K, used 647177K [0x00000006e0000000, 0x0000000800000000)
  region size 4096K, 73 young (299008K), 2 survivors (8192K)
 Metaspace       used 174006K, committed 175360K, reserved 1204224K
  class space    used 21664K, committed 22336K, reserved 1048576K
}
Event: 11156.473 GC heap after
{Heap after GC invocations=264 (full 1):
 garbage-first heap   total 983040K, used 385137K [0x00000006e0000000, 0x0000000800000000)
  region size 4096K, 9 young (36864K), 9 survivors (36864K)
 Metaspace       used 174006K, committed 175360K, reserved 1204224K
  class space    used 21664K, committed 22336K, reserved 1048576K
}
Event: 11156.525 GC heap before
{Heap before GC invocations=264 (full 1):
 garbage-first heap   total 983040K, used 393329K [0x00000006e0000000, 0x0000000800000000)
  region size 4096K, 12 young (49152K), 9 survivors (36864K)
 Metaspace       used 174006K, committed 175360K, reserved 1204224K
  class space    used 21664K, committed 22336K, reserved 1048576K
}
Event: 11156.759 GC heap after
{Heap after GC invocations=265 (full 1):
 garbage-first heap   total 983040K, used 390347K [0x00000006e0000000, 0x0000000800000000)
  region size 4096K, 2 young (8192K), 2 survivors (8192K)
 Metaspace       used 174006K, committed 175360K, reserved 1204224K
  class space    used 21664K, committed 22336K, reserved 1048576K
}
Event: 11165.973 GC heap before
{Heap before GC invocations=266 (full 1):
 garbage-first heap   total 983040K, used 668875K [0x00000006e0000000, 0x0000000800000000)
  region size 4096K, 70 young (286720K), 2 survivors (8192K)
 Metaspace       used 174008K, committed 175360K, reserved 1204224K
  class space    used 21664K, committed 22336K, reserved 1048576K
}
Event: 11166.293 GC heap after
{Heap after GC invocations=267 (full 1):
 garbage-first heap   total 983040K, used 435098K [0x00000006e0000000, 0x0000000800000000)
  region size 4096K, 9 young (36864K), 9 survivors (36864K)
 Metaspace       used 174008K, committed 175360K, reserved 1204224K
  class space    used 21664K, committed 22336K, reserved 1048576K
}
Event: 11166.319 GC heap before
{Heap before GC invocations=267 (full 1):
 garbage-first heap   total 983040K, used 443290K [0x00000006e0000000, 0x0000000800000000)
  region size 4096K, 12 young (49152K), 9 survivors (36864K)
 Metaspace       used 174008K, committed 175360K, reserved 1204224K
  class space    used 21664K, committed 22336K, reserved 1048576K
}
Event: 11166.429 GC heap after
{Heap after GC invocations=268 (full 1):
 garbage-first heap   total 983040K, used 441450K [0x00000006e0000000, 0x0000000800000000)
  region size 4096K, 2 young (8192K), 2 survivors (8192K)
 Metaspace       used 174008K, committed 175360K, reserved 1204224K
  class space    used 21664K, committed 22336K, reserved 1048576K
}
Event: 11170.252 GC heap before
{Heap before GC invocations=269 (full 1):
 garbage-first heap   total 983040K, used 699498K [0x00000006e0000000, 0x0000000800000000)
  region size 4096K, 65 young (266240K), 2 survivors (8192K)
 Metaspace       used 174062K, committed 175424K, reserved 1204224K
  class space    used 21664K, committed 22336K, reserved 1048576K
}
Event: 11170.362 GC heap after
{Heap after GC invocations=270 (full 1):
 garbage-first heap   total 983040K, used 493261K [0x00000006e0000000, 0x0000000800000000)
  region size 4096K, 9 young (36864K), 9 survivors (36864K)
 Metaspace       used 174062K, committed 175424K, reserved 1204224K
  class space    used 21664K, committed 22336K, reserved 1048576K
}
Event: 11170.386 GC heap before
{Heap before GC invocations=270 (full 1):
 garbage-first heap   total 983040K, used 505549K [0x00000006e0000000, 0x0000000800000000)
  region size 4096K, 12 young (49152K), 9 survivors (36864K)
 Metaspace       used 174062K, committed 175424K, reserved 1204224K
  class space    used 21664K, committed 22336K, reserved 1048576K
}
Event: 11170.557 GC heap after
{Heap after GC invocations=271 (full 1):
 garbage-first heap   total 983040K, used 500091K [0x00000006e0000000, 0x0000000800000000)
  region size 4096K, 2 young (8192K), 2 survivors (8192K)
 Metaspace       used 174062K, committed 175424K, reserved 1204224K
  class space    used 21664K, committed 22336K, reserved 1048576K
}
Event: 11176.067 GC heap before
{Heap before GC invocations=271 (full 1):
 garbage-first heap   total 1163264K, used 696699K [0x00000006e0000000, 0x0000000800000000)
  region size 4096K, 51 young (208896K), 2 survivors (8192K)
 Metaspace       used 174062K, committed 175424K, reserved 1204224K
  class space    used 21664K, committed 22336K, reserved 1048576K
}
Event: 11176.376 GC heap after
{Heap after GC invocations=272 (full 1):
 garbage-first heap   total 1163264K, used 544473K [0x00000006e0000000, 0x0000000800000000)
  region size 4096K, 7 young (28672K), 7 survivors (28672K)
 Metaspace       used 174062K, committed 175424K, reserved 1204224K
  class space    used 21664K, committed 22336K, reserved 1048576K
}
Event: 11176.883 GC heap before
{Heap before GC invocations=272 (full 1):
 garbage-first heap   total 1163264K, used 577241K [0x00000006e0000000, 0x0000000800000000)
  region size 4096K, 15 young (61440K), 7 survivors (28672K)
 Metaspace       used 174062K, committed 175424K, reserved 1204224K
  class space    used 21664K, committed 22336K, reserved 1048576K
}

