# JRE version: Java(TM) SE Runtime Environment (18.0.1.1+2) (build 18.0.1.1+2-6)
# Java VM: Java HotSpot(TM) 64-Bit Server VM (18.0.1.1+2-6, mixed mode, sharing, tiered, compressed oops, compressed class ptrs, g1 gc, windows-amd64)
GC Precious Log:
 CardTable entry size: 512
 Card Set container configuration: InlinePtr #cards 4 size 8 Array Of Cards #cards 32 size 80 Howl #buckets 8 coarsen threshold 7372 Howl Bitmap #cards 1024 size 144 coarsen threshold 921 Card regions per heap region 1 cards per card region 8192
 CPUs: 6 total, 6 available
 Memory: 7541M
 Large Page Support: Disabled
 NUMA Support: Disabled
 Compressed Oops: Enabled (Zero based)
 Heap Region Size: 4M
 Heap Min Capacity: 8M
 Heap Initial Capacity: 120M
 Heap Max Capacity: 4608M
 Pre-touch: Disabled
 Parallel Workers: 6
 Concurrent Workers: 2
 Concurrent Refinement Workers: 6
 Periodic GC: Disabled
Heap:
 garbage-first heap   total 192512K, used 119038K [0x00000006e0000000, 0x0000000800000000)
  region size 4096K, 5 young (20480K), 2 survivors (8192K)
 Metaspace       used 84620K, committed 86592K, reserved 1179648K
  class space    used 11439K, committed 12480K, reserved 1048576K
GC Heap History (20 events):
Event: 49.222 GC heap before
{Heap before GC invocations=27 (full 0):
 garbage-first heap   total 139264K, used 104694K [0x00000006e0000000, 0x0000000800000000)
  region size 4096K, 8 young (32768K), 1 survivors (4096K)
 Metaspace       used 70314K, committed 72064K, reserved 1114112K
  class space    used 9569K, committed 10432K, reserved 1048576K
}
Event: 49.225 GC heap after
{Heap after GC invocations=28 (full 0):
 garbage-first heap   total 139264K, used 77573K [0x00000006e0000000, 0x0000000800000000)
  region size 4096K, 1 young (4096K), 1 survivors (4096K)
 Metaspace       used 70314K, committed 72064K, reserved 1114112K
  class space    used 9569K, committed 10432K, reserved 1048576K
}
Event: 50.758 GC heap before
{Heap before GC invocations=29 (full 0):
 garbage-first heap   total 143360K, used 106245K [0x00000006e0000000, 0x0000000800000000)
  region size 4096K, 8 young (32768K), 1 survivors (4096K)
 Metaspace       used 71358K, committed 73152K, reserved 1114112K
  class space    used 9711K, committed 10624K, reserved 1048576K
}
Event: 50.763 GC heap after
{Heap after GC invocations=30 (full 0):
 garbage-first heap   total 143360K, used 80469K [0x00000006e0000000, 0x0000000800000000)
  region size 4096K, 1 young (4096K), 1 survivors (4096K)
 Metaspace       used 71358K, committed 73152K, reserved 1114112K
  class space    used 9711K, committed 10624K, reserved 1048576K
}
Event: 52.203 GC heap before
{Heap before GC invocations=30 (full 0):
 garbage-first heap   total 143360K, used 113237K [0x00000006e0000000, 0x0000000800000000)
  region size 4096K, 9 young (36864K), 1 survivors (4096K)
 Metaspace       used 72934K, committed 74816K, reserved 1114112K
  class space    used 9955K, committed 10944K, reserved 1048576K
}
Event: 52.209 GC heap after
{Heap after GC invocations=31 (full 0):
 garbage-first heap   total 143360K, used 84013K [0x00000006e0000000, 0x0000000800000000)
  region size 4096K, 2 young (8192K), 2 survivors (8192K)
 Metaspace       used 72934K, committed 74816K, reserved 1114112K
  class space    used 9955K, committed 10944K, reserved 1048576K
}
Event: 53.669 GC heap before
{Heap before GC invocations=32 (full 0):
 garbage-first heap   total 151552K, used 112685K [0x00000006e0000000, 0x0000000800000000)
  region size 4096K, 9 young (36864K), 2 survivors (8192K)
 Metaspace       used 75817K, committed 77632K, reserved 1179648K
  class space    used 10390K, committed 11328K, reserved 1048576K
}
Event: 53.677 GC heap after
{Heap after GC invocations=33 (full 0):
 garbage-first heap   total 151552K, used 86441K [0x00000006e0000000, 0x0000000800000000)
  region size 4096K, 2 young (8192K), 2 survivors (8192K)
 Metaspace       used 75817K, committed 77632K, reserved 1179648K
  class space    used 10390K, committed 11328K, reserved 1048576K
}
Event: 55.417 GC heap before
{Heap before GC invocations=33 (full 0):
 garbage-first heap   total 151552K, used 119209K [0x00000006e0000000, 0x0000000800000000)
  region size 4096K, 10 young (40960K), 2 survivors (8192K)
 Metaspace       used 78813K, committed 80704K, reserved 1179648K
  class space    used 10741K, committed 11712K, reserved 1048576K
}
Event: 55.423 GC heap after
{Heap after GC invocations=34 (full 0):
 garbage-first heap   total 151552K, used 90004K [0x00000006e0000000, 0x0000000800000000)
  region size 4096K, 2 young (8192K), 2 survivors (8192K)
 Metaspace       used 78813K, committed 80704K, reserved 1179648K
  class space    used 10741K, committed 11712K, reserved 1048576K
}
Event: 55.661 GC heap before
{Heap before GC invocations=35 (full 0):
 garbage-first heap   total 172032K, used 118676K [0x00000006e0000000, 0x0000000800000000)
  region size 4096K, 9 young (36864K), 2 survivors (8192K)
 Metaspace       used 78868K, committed 80768K, reserved 1179648K
  class space    used 10745K, committed 11712K, reserved 1048576K
}
Event: 55.668 GC heap after
{Heap after GC invocations=36 (full 0):
 garbage-first heap   total 172032K, used 95239K [0x00000006e0000000, 0x0000000800000000)
  region size 4096K, 2 young (8192K), 2 survivors (8192K)
 Metaspace       used 78868K, committed 80768K, reserved 1179648K
  class space    used 10745K, committed 11712K, reserved 1048576K
}
Event: 60.749 GC heap before
{Heap before GC invocations=36 (full 0):
 garbage-first heap   total 172032K, used 132103K [0x00000006e0000000, 0x0000000800000000)
  region size 4096K, 11 young (45056K), 2 survivors (8192K)
 Metaspace       used 82269K, committed 84160K, reserved 1179648K
  class space    used 11214K, committed 12160K, reserved 1048576K
}
Event: 60.762 GC heap after
{Heap after GC invocations=37 (full 0):
 garbage-first heap   total 172032K, used 101728K [0x00000006e0000000, 0x0000000800000000)
  region size 4096K, 2 young (8192K), 2 survivors (8192K)
 Metaspace       used 82269K, committed 84160K, reserved 1179648K
  class space    used 11214K, committed 12160K, reserved 1048576K
}
Event: 63.842 GC heap before
{Heap before GC invocations=38 (full 0):
 garbage-first heap   total 184320K, used 126304K [0x00000006e0000000, 0x0000000800000000)
  region size 4096K, 9 young (36864K), 2 survivors (8192K)
 Metaspace       used 83119K, committed 85056K, reserved 1179648K
  class space    used 11281K, committed 12288K, reserved 1048576K
}
Event: 63.850 GC heap after
{Heap after GC invocations=39 (full 0):
 garbage-first heap   total 184320K, used 105341K [0x00000006e0000000, 0x0000000800000000)
  region size 4096K, 1 young (4096K), 1 survivors (4096K)
 Metaspace       used 83119K, committed 85056K, reserved 1179648K
  class space    used 11281K, committed 12288K, reserved 1048576K
}
Event: 65.287 GC heap before
{Heap before GC invocations=39 (full 0):
 garbage-first heap   total 184320K, used 142205K [0x00000006e0000000, 0x0000000800000000)
  region size 4096K, 11 young (45056K), 1 survivors (4096K)
 Metaspace       used 83394K, committed 85312K, reserved 1179648K
  class space    used 11282K, committed 12288K, reserved 1048576K
}
Event: 65.293 GC heap after
{Heap after GC invocations=40 (full 0):
 garbage-first heap   total 184320K, used 107369K [0x00000006e0000000, 0x0000000800000000)
  region size 4096K, 2 young (8192K), 2 survivors (8192K)
 Metaspace       used 83394K, committed 85312K, reserved 1179648K
  class space    used 11282K, committed 12288K, reserved 1048576K
}
Event: 71.810 GC heap before
{Heap before GC invocations=41 (full 0):
 garbage-first heap   total 192512K, used 144233K [0x00000006e0000000, 0x0000000800000000)
  region size 4096K, 11 young (45056K), 2 survivors (8192K)
 Metaspace       used 84584K, committed 86592K, reserved 1179648K
  class space    used 11439K, committed 12480K, reserved 1048576K
}
Event: 71.816 GC heap after
{Heap after GC invocations=42 (full 0):
 garbage-first heap   total 192512K, used 110846K [0x00000006e0000000, 0x0000000800000000)
  region size 4096K, 2 young (8192K), 2 survivors (8192K)
 Metaspace       used 84584K, committed 86592K, reserved 1179648K
  class space    used 11439K, committed 12480K, reserved 1048576K
}

