# JRE version: Java(TM) SE Runtime Environment (18.0.1.1+2) (build 18.0.1.1+2-6)
# Java VM: Java HotSpot(TM) 64-Bit Server VM (18.0.1.1+2-6, mixed mode, sharing, tiered, compressed oops, compressed class ptrs, g1 gc, windows-amd64)
GC Precious Log:
 CardTable entry size: 512
 Card Set container configuration: InlinePtr #cards 4 size 8 Array Of Cards #cards 32 size 80 Howl #buckets 8 coarsen threshold 7372 Howl Bitmap #cards 1024 size 144 coarsen threshold 921 Card regions per heap region 1 cards per card region 8192
 CPUs: 6 total, 6 available
 Memory: 7541M
 Large Page Support: Disabled
 NUMA Support: Disabled
 Compressed Oops: Enabled (Zero based)
 Heap Region Size: 4M
 Heap Min Capacity: 8M
 Heap Initial Capacity: 120M
 Heap Max Capacity: 4608M
 Pre-touch: Disabled
 Parallel Workers: 6
 Concurrent Workers: 2
 Concurrent Refinement Workers: 6
 Periodic GC: Disabled
Heap:
 garbage-first heap   total 1458176K, used 460800K [0x00000006e0000000, 0x0000000800000000)
  region size 4096K, 4 young (16384K), 4 survivors (16384K)
 Metaspace       used 118289K, committed 120320K, reserved 1179648K
  class space    used 15378K, committed 16384K, reserved 1048576K
GC Heap History (20 events):
Event: 53.965 GC heap after
{Heap after GC invocations=64 (full 0):
 garbage-first heap   total 1298432K, used 288177K [0x00000006e0000000, 0x0000000800000000)
  region size 4096K, 12 young (49152K), 12 survivors (49152K)
 Metaspace       used 116439K, committed 118464K, reserved 1179648K
  class space    used 15181K, committed 16192K, reserved 1048576K
}
Event: 54.660 GC heap before
{Heap before GC invocations=64 (full 0):
 garbage-first heap   total 1298432K, used 1013169K [0x00000006e0000000, 0x0000000800000000)
  region size 4096K, 190 young (778240K), 12 survivors (49152K)
 Metaspace       used 116452K, committed 118464K, reserved 1179648K
  class space    used 15181K, committed 16192K, reserved 1048576K
}
Event: 54.687 GC heap after
{Heap after GC invocations=65 (full 0):
 garbage-first heap   total 1458176K, used 290225K [0x00000006e0000000, 0x0000000800000000)
  region size 4096K, 12 young (49152K), 12 survivors (49152K)
 Metaspace       used 116452K, committed 118464K, reserved 1179648K
  class space    used 15181K, committed 16192K, reserved 1048576K
}
Event: 56.051 GC heap before
{Heap before GC invocations=65 (full 0):
 garbage-first heap   total 1458176K, used 1113521K [0x00000006e0000000, 0x0000000800000000)
  region size 4096K, 213 young (872448K), 12 survivors (49152K)
 Metaspace       used 116463K, committed 118464K, reserved 1179648K
  class space    used 15181K, committed 16192K, reserved 1048576K
}
Event: 56.079 GC heap after
{Heap after GC invocations=66 (full 0):
 garbage-first heap   total 1458176K, used 290225K [0x00000006e0000000, 0x0000000800000000)
  region size 4096K, 12 young (49152K), 12 survivors (49152K)
 Metaspace       used 116463K, committed 118464K, reserved 1179648K
  class space    used 15181K, committed 16192K, reserved 1048576K
}
Event: 56.791 GC heap before
{Heap before GC invocations=66 (full 0):
 garbage-first heap   total 1458176K, used 1109425K [0x00000006e0000000, 0x0000000800000000)
  region size 4096K, 213 young (872448K), 12 survivors (49152K)
 Metaspace       used 116487K, committed 118464K, reserved 1179648K
  class space    used 15184K, committed 16192K, reserved 1048576K
}
Event: 56.845 GC heap after
{Heap after GC invocations=67 (full 0):
 garbage-first heap   total 1458176K, used 321955K [0x00000006e0000000, 0x0000000800000000)
  region size 4096K, 20 young (81920K), 20 survivors (81920K)
 Metaspace       used 116487K, committed 118464K, reserved 1179648K
  class space    used 15184K, committed 16192K, reserved 1048576K
}
Event: 57.779 GC heap before
{Heap before GC invocations=67 (full 0):
 garbage-first heap   total 1458176K, used 1108387K [0x00000006e0000000, 0x0000000800000000)
  region size 4096K, 213 young (872448K), 20 survivors (81920K)
 Metaspace       used 116488K, committed 118464K, reserved 1179648K
  class space    used 15184K, committed 16192K, reserved 1048576K
}
Event: 57.832 GC heap after
{Heap after GC invocations=68 (full 0):
 garbage-first heap   total 1458176K, used 323343K [0x00000006e0000000, 0x0000000800000000)
  region size 4096K, 15 young (61440K), 15 survivors (61440K)
 Metaspace       used 116488K, committed 118464K, reserved 1179648K
  class space    used 15184K, committed 16192K, reserved 1048576K
}
Event: 58.663 GC heap before
{Heap before GC invocations=68 (full 0):
 garbage-first heap   total 1458176K, used 1138447K [0x00000006e0000000, 0x0000000800000000)
  region size 4096K, 213 young (872448K), 15 survivors (61440K)
 Metaspace       used 116494K, committed 118528K, reserved 1179648K
  class space    used 15184K, committed 16192K, reserved 1048576K
}
Event: 58.696 GC heap after
{Heap after GC invocations=69 (full 0):
 garbage-first heap   total 1458176K, used 327306K [0x00000006e0000000, 0x0000000800000000)
  region size 4096K, 15 young (61440K), 15 survivors (61440K)
 Metaspace       used 116494K, committed 118528K, reserved 1179648K
  class space    used 15184K, committed 16192K, reserved 1048576K
}
Event: 59.857 GC heap before
{Heap before GC invocations=69 (full 0):
 garbage-first heap   total 1458176K, used 1138314K [0x00000006e0000000, 0x0000000800000000)
  region size 4096K, 213 young (872448K), 15 survivors (61440K)
 Metaspace       used 116503K, committed 118528K, reserved 1179648K
  class space    used 15184K, committed 16192K, reserved 1048576K
}
Event: 59.888 GC heap after
{Heap after GC invocations=70 (full 0):
 garbage-first heap   total 1458176K, used 318755K [0x00000006e0000000, 0x0000000800000000)
  region size 4096K, 14 young (57344K), 14 survivors (57344K)
 Metaspace       used 116503K, committed 118528K, reserved 1179648K
  class space    used 15184K, committed 16192K, reserved 1048576K
}
Event: 61.296 GC heap before
{Heap before GC invocations=70 (full 0):
 garbage-first heap   total 1458176K, used 1137955K [0x00000006e0000000, 0x0000000800000000)
  region size 4096K, 213 young (872448K), 14 survivors (57344K)
 Metaspace       used 116509K, committed 118528K, reserved 1179648K
  class space    used 15184K, committed 16192K, reserved 1048576K
}
Event: 61.326 GC heap after
{Heap after GC invocations=71 (full 0):
 garbage-first heap   total 1458176K, used 306531K [0x00000006e0000000, 0x0000000800000000)
  region size 4096K, 11 young (45056K), 11 survivors (45056K)
 Metaspace       used 116509K, committed 118528K, reserved 1179648K
  class space    used 15184K, committed 16192K, reserved 1048576K
}
Event: 66.687 GC heap before
{Heap before GC invocations=71 (full 0):
 garbage-first heap   total 1458176K, used 1150307K [0x00000006e0000000, 0x0000000800000000)
  region size 4096K, 213 young (872448K), 11 survivors (45056K)
 Metaspace       used 118013K, committed 120064K, reserved 1179648K
  class space    used 15359K, committed 16384K, reserved 1048576K
}
Event: 67.260 GC heap after
{Heap after GC invocations=72 (full 0):
 garbage-first heap   total 1458176K, used 419592K [0x00000006e0000000, 0x0000000800000000)
  region size 4096K, 27 young (110592K), 27 survivors (110592K)
 Metaspace       used 118013K, committed 120064K, reserved 1179648K
  class space    used 15359K, committed 16384K, reserved 1048576K
}
Event: 67.569 GC heap before
{Heap before GC invocations=72 (full 0):
 garbage-first heap   total 1458176K, used 497416K [0x00000006e0000000, 0x0000000800000000)
  region size 4096K, 46 young (188416K), 27 survivors (110592K)
 Metaspace       used 118154K, committed 120192K, reserved 1179648K
  class space    used 15373K, committed 16384K, reserved 1048576K
}
Event: 67.881 GC heap after
{Heap after GC invocations=73 (full 0):
 garbage-first heap   total 1458176K, used 445263K [0x00000006e0000000, 0x0000000800000000)
  region size 4096K, 6 young (24576K), 6 survivors (24576K)
 Metaspace       used 118154K, committed 120192K, reserved 1179648K
  class space    used 15373K, committed 16384K, reserved 1048576K
}
Event: 68.979 GC heap before
{Heap before GC invocations=73 (full 0):
 garbage-first heap   total 1458176K, used 588623K [0x00000006e0000000, 0x0000000800000000)
  region size 4096K, 42 young (172032K), 6 survivors (24576K)
 Metaspace       used 118289K, committed 120320K, reserved 1179648K
  class space    used 15378K, committed 16384K, reserved 1048576K
}

