# JRE version: Java(TM) SE Runtime Environment (18.0.1.1+2) (build 18.0.1.1+2-6)
# Java VM: Java HotSpot(TM) 64-Bit Server VM (18.0.1.1+2-6, mixed mode, sharing, tiered, compressed oops, compressed class ptrs, g1 gc, windows-amd64)
GC Precious Log:
 CardTable entry size: 512
 Card Set container configuration: InlinePtr #cards 4 size 8 Array Of Cards #cards 32 size 80 Howl #buckets 8 coarsen threshold 7372 Howl Bitmap #cards 1024 size 144 coarsen threshold 921 Card regions per heap region 1 cards per card region 8192
 CPUs: 6 total, 6 available
 Memory: 7541M
 Large Page Support: Disabled
 NUMA Support: Disabled
 Compressed Oops: Enabled (Zero based)
 Heap Region Size: 4M
 Heap Min Capacity: 8M
 Heap Initial Capacity: 120M
 Heap Max Capacity: 4608M
 Pre-touch: Disabled
 Parallel Workers: 6
 Concurrent Workers: 2
 Concurrent Refinement Workers: 6
 Periodic GC: Disabled
Heap:
 garbage-first heap   total 1753088K, used 437493K [0x00000006e0000000, 0x0000000800000000)
  region size 4096K, 11 young (45056K), 11 survivors (45056K)
 Metaspace       used 144551K, committed 146880K, reserved 1179648K
  class space    used 18533K, committed 19712K, reserved 1048576K
GC Heap History (20 events):
Event: 212.213 GC heap after
{Heap after GC invocations=84 (full 0):
 garbage-first heap   total 724992K, used 327999K [0x00000006e0000000, 0x0000000800000000)
  region size 4096K, 11 young (45056K), 11 survivors (45056K)
 Metaspace       used 119015K, committed 121216K, reserved 1179648K
  class space    used 15486K, committed 16576K, reserved 1048576K
}
Event: 212.266 GC heap before
{Heap before GC invocations=84 (full 0):
 garbage-first heap   total 724992K, used 336191K [0x00000006e0000000, 0x0000000800000000)
  region size 4096K, 12 young (49152K), 11 survivors (45056K)
 Metaspace       used 119015K, committed 121216K, reserved 1179648K
  class space    used 15486K, committed 16576K, reserved 1048576K
}
Event: 212.394 GC heap after
{Heap after GC invocations=85 (full 0):
 garbage-first heap   total 724992K, used 324670K [0x00000006e0000000, 0x0000000800000000)
  region size 4096K, 2 young (8192K), 2 survivors (8192K)
 Metaspace       used 119015K, committed 121216K, reserved 1179648K
  class space    used 15486K, committed 16576K, reserved 1048576K
}
Event: 212.453 GC heap before
{Heap before GC invocations=85 (full 0):
 garbage-first heap   total 724992K, used 349246K [0x00000006e0000000, 0x0000000800000000)
  region size 4096K, 9 young (36864K), 2 survivors (8192K)
 Metaspace       used 119020K, committed 121216K, reserved 1179648K
  class space    used 15486K, committed 16576K, reserved 1048576K
}
Event: 212.456 GC heap after
{Heap after GC invocations=86 (full 0):
 garbage-first heap   total 724992K, used 327827K [0x00000006e0000000, 0x0000000800000000)
  region size 4096K, 2 young (8192K), 2 survivors (8192K)
 Metaspace       used 119020K, committed 121216K, reserved 1179648K
  class space    used 15486K, committed 16576K, reserved 1048576K
}
Event: 212.545 GC heap before
{Heap before GC invocations=86 (full 0):
 garbage-first heap   total 724992K, used 413843K [0x00000006e0000000, 0x0000000800000000)
  region size 4096K, 23 young (94208K), 2 survivors (8192K)
 Metaspace       used 119023K, committed 121216K, reserved 1179648K
  class space    used 15486K, committed 16576K, reserved 1048576K
}
Event: 212.554 GC heap after
{Heap after GC invocations=87 (full 0):
 garbage-first heap   total 1753088K, used 341674K [0x00000006e0000000, 0x0000000800000000)
  region size 4096K, 4 young (16384K), 4 survivors (16384K)
 Metaspace       used 119023K, committed 121216K, reserved 1179648K
  class space    used 15486K, committed 16576K, reserved 1048576K
}
Event: 214.339 GC heap before
{Heap before GC invocations=87 (full 0):
 garbage-first heap   total 1753088K, used 1558186K [0x00000006e0000000, 0x0000000800000000)
  region size 4096K, 256 young (1048576K), 4 survivors (16384K)
 Metaspace       used 119065K, committed 121280K, reserved 1179648K
  class space    used 15488K, committed 16576K, reserved 1048576K
}
Event: 214.379 GC heap after
{Heap after GC invocations=88 (full 0):
 garbage-first heap   total 1753088K, used 424557K [0x00000006e0000000, 0x0000000800000000)
  region size 4096K, 10 young (40960K), 10 survivors (40960K)
 Metaspace       used 119065K, committed 121280K, reserved 1179648K
  class space    used 15488K, committed 16576K, reserved 1048576K
}
Event: 410.726 GC heap before
{Heap before GC invocations=88 (full 0):
 garbage-first heap   total 1753088K, used 1649261K [0x00000006e0000000, 0x0000000800000000)
  region size 4096K, 256 young (1048576K), 10 survivors (40960K)
 Metaspace       used 130780K, committed 133056K, reserved 1179648K
  class space    used 16689K, committed 17856K, reserved 1048576K
}
Event: 411.150 GC heap after
{Heap after GC invocations=89 (full 0):
 garbage-first heap   total 1753088K, used 369394K [0x00000006e0000000, 0x0000000800000000)
  region size 4096K, 13 young (53248K), 13 survivors (53248K)
 Metaspace       used 130780K, committed 133056K, reserved 1179648K
  class space    used 16689K, committed 17856K, reserved 1048576K
}
Event: 414.817 GC heap before
{Heap before GC invocations=89 (full 0):
 garbage-first heap   total 1753088K, used 553714K [0x00000006e0000000, 0x0000000800000000)
  region size 4096K, 59 young (241664K), 13 survivors (53248K)
 Metaspace       used 131874K, committed 134144K, reserved 1179648K
  class space    used 16783K, committed 17920K, reserved 1048576K
}
Event: 415.222 GC heap after
{Heap after GC invocations=90 (full 0):
 garbage-first heap   total 1753088K, used 374557K [0x00000006e0000000, 0x0000000800000000)
  region size 4096K, 2 young (8192K), 2 survivors (8192K)
 Metaspace       used 131874K, committed 134144K, reserved 1179648K
  class space    used 16783K, committed 17920K, reserved 1048576K
}
Event: 425.533 GC heap before
{Heap before GC invocations=90 (full 0):
 garbage-first heap   total 1753088K, used 1046301K [0x00000006e0000000, 0x0000000800000000)
  region size 4096K, 167 young (684032K), 2 survivors (8192K)
 Metaspace       used 144058K, committed 146368K, reserved 1179648K
  class space    used 18514K, committed 19712K, reserved 1048576K
}
Event: 425.614 GC heap after
{Heap after GC invocations=91 (full 0):
 garbage-first heap   total 1753088K, used 384422K [0x00000006e0000000, 0x0000000800000000)
  region size 4096K, 5 young (20480K), 5 survivors (20480K)
 Metaspace       used 144058K, committed 146368K, reserved 1179648K
  class space    used 18514K, committed 19712K, reserved 1048576K
}
Event: 428.175 GC heap before
{Heap before GC invocations=91 (full 0):
 garbage-first heap   total 1753088K, used 982438K [0x00000006e0000000, 0x0000000800000000)
  region size 4096K, 152 young (622592K), 5 survivors (20480K)
 Metaspace       used 144467K, committed 146816K, reserved 1179648K
  class space    used 18533K, committed 19712K, reserved 1048576K
}
Event: 428.377 GC heap after
{Heap after GC invocations=92 (full 0):
 garbage-first heap   total 1753088K, used 402802K [0x00000006e0000000, 0x0000000800000000)
  region size 4096K, 9 young (36864K), 9 survivors (36864K)
 Metaspace       used 144467K, committed 146816K, reserved 1179648K
  class space    used 18533K, committed 19712K, reserved 1048576K
}
Event: 429.135 GC heap before
{Heap before GC invocations=92 (full 0):
 garbage-first heap   total 1753088K, used 652658K [0x00000006e0000000, 0x0000000800000000)
  region size 4096K, 71 young (290816K), 9 survivors (36864K)
 Metaspace       used 144511K, committed 146880K, reserved 1179648K
  class space    used 18533K, committed 19712K, reserved 1048576K
}
Event: 429.257 GC heap after
{Heap after GC invocations=93 (full 0):
 garbage-first heap   total 1753088K, used 409881K [0x00000006e0000000, 0x0000000800000000)
  region size 4096K, 4 young (16384K), 4 survivors (16384K)
 Metaspace       used 144511K, committed 146880K, reserved 1179648K
  class space    used 18533K, committed 19712K, reserved 1048576K
}
Event: 431.897 GC heap before
{Heap before GC invocations=93 (full 0):
 garbage-first heap   total 1753088K, used 1171737K [0x00000006e0000000, 0x0000000800000000)
  region size 4096K, 191 young (782336K), 4 survivors (16384K)
 Metaspace       used 144551K, committed 146880K, reserved 1179648K
  class space    used 18533K, committed 19712K, reserved 1048576K
}

