# JRE version: Java(TM) SE Runtime Environment (18.0.1.1+2) (build 18.0.1.1+2-6)
# Java VM: Java HotSpot(TM) 64-Bit Server VM (18.0.1.1+2-6, mixed mode, sharing, tiered, compressed oops, compressed class ptrs, g1 gc, windows-amd64)
GC Precious Log:
 CardTable entry size: 512
 Card Set container configuration: InlinePtr #cards 4 size 8 Array Of Cards #cards 32 size 80 Howl #buckets 8 coarsen threshold 7372 Howl Bitmap #cards 1024 size 144 coarsen threshold 921 Card regions per heap region 1 cards per card region 8192
 CPUs: 6 total, 6 available
 Memory: 7541M
 Large Page Support: Disabled
 NUMA Support: Disabled
 Compressed Oops: Enabled (Zero based)
 Heap Region Size: 4M
 Heap Min Capacity: 8M
 Heap Initial Capacity: 120M
 Heap Max Capacity: 4608M
 Pre-touch: Disabled
 Parallel Workers: 6
 Concurrent Workers: 2
 Concurrent Refinement Workers: 6
 Periodic GC: Disabled
Heap:
 garbage-first heap   total 1089536K, used 196048K [0x00000006e0000000, 0x0000000800000000)
  region size 4096K, 1 young (4096K), 1 survivors (4096K)
 Metaspace       used 129929K, committed 131904K, reserved 1179648K
  class space    used 16766K, committed 17792K, reserved 1048576K
GC Heap History (20 events):
Event: 170.663 GC heap after
{Heap after GC invocations=79 (full 0):
 garbage-first heap   total 602112K, used 185966K [0x00000006e0000000, 0x0000000800000000)
  region size 4096K, 2 young (8192K), 2 survivors (8192K)
 Metaspace       used 129759K, committed 131776K, reserved 1179648K
  class space    used 16762K, committed 17792K, reserved 1048576K
}
Event: 172.205 GC heap before
{Heap before GC invocations=79 (full 0):
 garbage-first heap   total 602112K, used 509550K [0x00000006e0000000, 0x0000000800000000)
  region size 4096K, 81 young (331776K), 2 survivors (8192K)
 Metaspace       used 129771K, committed 131776K, reserved 1179648K
  class space    used 16762K, committed 17792K, reserved 1048576K
}
Event: 172.211 GC heap after
{Heap after GC invocations=80 (full 0):
 garbage-first heap   total 602112K, used 185836K [0x00000006e0000000, 0x0000000800000000)
  region size 4096K, 2 young (8192K), 2 survivors (8192K)
 Metaspace       used 129771K, committed 131776K, reserved 1179648K
  class space    used 16762K, committed 17792K, reserved 1048576K
}
Event: 176.837 GC heap before
{Heap before GC invocations=80 (full 0):
 garbage-first heap   total 602112K, used 517612K [0x00000006e0000000, 0x0000000800000000)
  region size 4096K, 83 young (339968K), 2 survivors (8192K)
 Metaspace       used 129868K, committed 131904K, reserved 1179648K
  class space    used 16762K, committed 17792K, reserved 1048576K
}
Event: 177.375 GC heap after
{Heap after GC invocations=81 (full 0):
 garbage-first heap   total 602112K, used 194899K [0x00000006e0000000, 0x0000000800000000)
  region size 4096K, 4 young (16384K), 4 survivors (16384K)
 Metaspace       used 129868K, committed 131904K, reserved 1179648K
  class space    used 16762K, committed 17792K, reserved 1048576K
}
Event: 177.546 GC heap before
{Heap before GC invocations=81 (full 0):
 garbage-first heap   total 602112K, used 207187K [0x00000006e0000000, 0x0000000800000000)
  region size 4096K, 7 young (28672K), 4 survivors (16384K)
 Metaspace       used 129880K, committed 131904K, reserved 1179648K
  class space    used 16763K, committed 17792K, reserved 1048576K
}
Event: 182.307 GC heap after
{Heap after GC invocations=82 (full 0):
 garbage-first heap   total 1089536K, used 196513K [0x00000006e0000000, 0x0000000800000000)
  region size 4096K, 1 young (4096K), 1 survivors (4096K)
 Metaspace       used 129880K, committed 131904K, reserved 1179648K
  class space    used 16763K, committed 17792K, reserved 1048576K
}
Event: 182.401 GC heap before
{Heap before GC invocations=82 (full 0):
 garbage-first heap   total 1089536K, used 245665K [0x00000006e0000000, 0x0000000800000000)
  region size 4096K, 13 young (53248K), 1 survivors (4096K)
 Metaspace       used 129883K, committed 131904K, reserved 1179648K
  class space    used 16763K, committed 17792K, reserved 1048576K
}
Event: 182.403 GC heap after
{Heap after GC invocations=83 (full 0):
 garbage-first heap   total 1089536K, used 194646K [0x00000006e0000000, 0x0000000800000000)
  region size 4096K, 1 young (4096K), 1 survivors (4096K)
 Metaspace       used 129883K, committed 131904K, reserved 1179648K
  class space    used 16763K, committed 17792K, reserved 1048576K
}
Event: 182.474 GC heap before
{Heap before GC invocations=83 (full 0):
 garbage-first heap   total 1089536K, used 243798K [0x00000006e0000000, 0x0000000800000000)
  region size 4096K, 13 young (53248K), 1 survivors (4096K)
 Metaspace       used 129885K, committed 131904K, reserved 1179648K
  class space    used 16763K, committed 17792K, reserved 1048576K
}
Event: 182.476 GC heap after
{Heap after GC invocations=84 (full 0):
 garbage-first heap   total 1089536K, used 194572K [0x00000006e0000000, 0x0000000800000000)
  region size 4096K, 1 young (4096K), 1 survivors (4096K)
 Metaspace       used 129885K, committed 131904K, reserved 1179648K
  class space    used 16763K, committed 17792K, reserved 1048576K
}
Event: 182.610 GC heap before
{Heap before GC invocations=84 (full 0):
 garbage-first heap   total 1089536K, used 247820K [0x00000006e0000000, 0x0000000800000000)
  region size 4096K, 14 young (57344K), 1 survivors (4096K)
 Metaspace       used 129885K, committed 131904K, reserved 1179648K
  class space    used 16763K, committed 17792K, reserved 1048576K
}
Event: 182.613 GC heap after
{Heap after GC invocations=85 (full 0):
 garbage-first heap   total 1089536K, used 194806K [0x00000006e0000000, 0x0000000800000000)
  region size 4096K, 1 young (4096K), 1 survivors (4096K)
 Metaspace       used 129885K, committed 131904K, reserved 1179648K
  class space    used 16763K, committed 17792K, reserved 1048576K
}
Event: 182.700 GC heap before
{Heap before GC invocations=85 (full 0):
 garbage-first heap   total 1089536K, used 248054K [0x00000006e0000000, 0x0000000800000000)
  region size 4096K, 14 young (57344K), 1 survivors (4096K)
 Metaspace       used 129893K, committed 131904K, reserved 1179648K
  class space    used 16763K, committed 17792K, reserved 1048576K
}
Event: 182.704 GC heap after
{Heap after GC invocations=86 (full 0):
 garbage-first heap   total 1089536K, used 196344K [0x00000006e0000000, 0x0000000800000000)
  region size 4096K, 1 young (4096K), 1 survivors (4096K)
 Metaspace       used 129893K, committed 131904K, reserved 1179648K
  class space    used 16763K, committed 17792K, reserved 1048576K
}
Event: 182.774 GC heap before
{Heap before GC invocations=86 (full 0):
 garbage-first heap   total 1089536K, used 245496K [0x00000006e0000000, 0x0000000800000000)
  region size 4096K, 13 young (53248K), 1 survivors (4096K)
 Metaspace       used 129894K, committed 131904K, reserved 1179648K
  class space    used 16763K, committed 17792K, reserved 1048576K
}
Event: 182.779 GC heap after
{Heap after GC invocations=87 (full 0):
 garbage-first heap   total 1089536K, used 197757K [0x00000006e0000000, 0x0000000800000000)
  region size 4096K, 1 young (4096K), 1 survivors (4096K)
 Metaspace       used 129894K, committed 131904K, reserved 1179648K
  class space    used 16763K, committed 17792K, reserved 1048576K
}
Event: 182.844 GC heap before
{Heap before GC invocations=87 (full 0):
 garbage-first heap   total 1089536K, used 246909K [0x00000006e0000000, 0x0000000800000000)
  region size 4096K, 13 young (53248K), 1 survivors (4096K)
 Metaspace       used 129908K, committed 131904K, reserved 1179648K
  class space    used 16763K, committed 17792K, reserved 1048576K
}
Event: 182.848 GC heap after
{Heap after GC invocations=88 (full 0):
 garbage-first heap   total 1089536K, used 196864K [0x00000006e0000000, 0x0000000800000000)
  region size 4096K, 1 young (4096K), 1 survivors (4096K)
 Metaspace       used 129908K, committed 131904K, reserved 1179648K
  class space    used 16763K, committed 17792K, reserved 1048576K
}
Event: 183.254 GC heap before
{Heap before GC invocations=88 (full 0):
 garbage-first heap   total 1089536K, used 332032K [0x00000006e0000000, 0x0000000800000000)
  region size 4096K, 34 young (139264K), 1 survivors (4096K)
 Metaspace       used 129929K, committed 131904K, reserved 1179648K
  class space    used 16766K, committed 17792K, reserved 1048576K
}

